<?xml version="1.0" encoding="UTF-8"?>
<!-- Generated by org.testng.reporters.JUnitReportReporter -->
<testsuite hostname="Lucifer" failures="0" tests="1" name="com.pallav.LoadTest01" time="4.535" errors="0" timestamp="2021-03-25T10:55:55 IST" skipped="0">
  <testcase classname="com.pallav.LoadTest01" name="f" time="4.535"/>
  <system-out/>
</testsuite> <!-- com.pallav.LoadTest01 -->
