<?xml version="1.0" encoding="UTF-8"?>
<!-- Generated by org.testng.reporters.JUnitReportReporter -->
<testsuite hostname="Lucifer" failures="0" tests="1" name="com.example.TestNGtest1" time="12.462" errors="0" timestamp="2021-03-24T10:35:04 IST" skipped="0">
  <testcase classname="com.example.TestNGtest1" name="f" time="12.462"/>
  <system-out/>
</testsuite> <!-- com.example.TestNGtest1 -->
