<?xml version="1.0" encoding="UTF-8"?>
<!-- Generated by org.testng.reporters.JUnitReportReporter -->
<testsuite hostname="Lucifer" failures="0" tests="3" name="com.example.RegistrationAuto" time="58.449" errors="0" timestamp="2021-08-17T09:44:43 IST" skipped="0">
  <testcase classname="com.example.RegistrationAuto" name="test" time="31.047"/>
  <system-out/>
  <testcase classname="com.example.RegistrationAuto" name="Test3" time="16.117"/>
  <system-out/>
  <testcase classname="com.example.RegistrationAuto" name="Test2" time="11.285"/>
  <system-out/>
</testsuite> <!-- com.example.RegistrationAuto -->
