<?xml version="1.0" encoding="UTF-8"?>
<!-- Generated by org.testng.reporters.JUnitReportReporter -->
<testsuite hostname="Lucifer" failures="0" tests="1" name="com.example.Tester3" time="7.504" errors="0" timestamp="2021-07-07T12:58:40 IST" skipped="0">
  <testcase classname="com.example.Tester3" name="f" time="7.504"/>
  <system-out/>
</testsuite> <!-- com.example.Tester3 -->
